c:\users\paul\documents\github\c-sharp-and-unity-projects\basic_c#_programs\simpleclasses\simpleclasses\x64\debug\vc143.pdb
c:\users\paul\documents\github\c-sharp-and-unity-projects\basic_c#_programs\simpleclasses\simpleclasses\x64\debug\vc143.idb
c:\users\paul\documents\github\c-sharp-and-unity-projects\basic_c#_programs\simpleclasses\simpleclasses\x64\debug\simpleclasses.obj
c:\users\paul\documents\github\c-sharp-and-unity-projects\basic_c#_programs\simpleclasses\simpleclasses\x64\debug\account.obj
c:\users\paul\documents\github\c-sharp-and-unity-projects\basic_c#_programs\simpleclasses\simpleclasses\x64\debug\transaction.obj
c:\users\paul\documents\github\c-sharp-and-unity-projects\basic_c#_programs\simpleclasses\x64\debug\simpleclasses.exe
c:\users\paul\documents\github\c-sharp-and-unity-projects\basic_c#_programs\simpleclasses\simpleclasses\x64\debug\simpleclasses.ilk
c:\users\paul\documents\github\c-sharp-and-unity-projects\basic_c#_programs\simpleclasses\x64\debug\simpleclasses.pdb
c:\users\paul\documents\github\the-tech-academy-c-and-unreal-engine-projects\simpleclasses\simpleclasses\x64\debug\account.obj
c:\users\paul\documents\github\the-tech-academy-c-and-unreal-engine-projects\simpleclasses\simpleclasses\x64\debug\simpleclasses.obj
c:\users\paul\documents\github\the-tech-academy-c-and-unreal-engine-projects\simpleclasses\simpleclasses\x64\debug\transaction.obj
c:\users\paul\documents\github\the-tech-academy-c-and-unreal-engine-projects\simpleclasses\simpleclasses\x64\debug\simpleclasses.ilk
c:\users\paul\documents\github\the-tech-academy-c-and-unreal-engine-projects\simpleclasses\simpleclasses\x64\debug\vc143.idb
c:\users\paul\documents\github\the-tech-academy-c-and-unreal-engine-projects\simpleclasses\simpleclasses\x64\debug\vc143.pdb
c:\users\paul\documents\github\the-tech-academy-c-and-unreal-engine-projects\simpleclasses\x64\debug\simpleclasses.pdb
c:\users\paul\documents\github\the-tech-academy-c-and-unreal-engine-projects\simpleclasses\x64\debug\simpleclasses.exe
c:\users\paul\documents\github\the-tech-academy-c-and-unreal-engine-projects\simpleclasses\simpleclasses\x64\debug\simpleclasses.tlog\cl.command.1.tlog
c:\users\paul\documents\github\the-tech-academy-c-and-unreal-engine-projects\simpleclasses\simpleclasses\x64\debug\simpleclasses.tlog\cl.read.1.tlog
c:\users\paul\documents\github\the-tech-academy-c-and-unreal-engine-projects\simpleclasses\simpleclasses\x64\debug\simpleclasses.tlog\cl.write.1.tlog
c:\users\paul\documents\github\the-tech-academy-c-and-unreal-engine-projects\simpleclasses\simpleclasses\x64\debug\simpleclasses.tlog\link.command.1.tlog
c:\users\paul\documents\github\the-tech-academy-c-and-unreal-engine-projects\simpleclasses\simpleclasses\x64\debug\simpleclasses.tlog\link.read.1.tlog
c:\users\paul\documents\github\the-tech-academy-c-and-unreal-engine-projects\simpleclasses\simpleclasses\x64\debug\simpleclasses.tlog\link.write.1.tlog
